<?xml version="1.0" encoding="UTF-8"?>
<!-- Generated by org.testng.reporters.JUnitReportReporter -->
<testsuite hostname="Vladimirs-MacBook-Air.local" failures="0" tests="1" name="model.massiveAstronomicalObject.StarTest" time="0.001" errors="0" timestamp="25 июл. 2019 06:44:50 GMT" skipped="0">
  <testcase classname="model.massiveAstronomicalObject.StarTest" name="testGetTemperature" time="0.001"/>
</testsuite> <!-- model.massiveAstronomicalObject.StarTest -->
