<?xml version="1.0" encoding="UTF-8"?>
<!-- Generated by org.testng.reporters.JUnitReportReporter -->
<testsuite hostname="Vladimirs-MacBook-Air.local" failures="0" tests="2" name="dao.DaoOrbitTest" time="5.511" errors="0" timestamp="25 июл. 2019 06:44:50 GMT" skipped="0">
  <testcase classname="dao.DaoOrbitTest" name="testCreate" time="5.449"/>
  <testcase classname="dao.DaoOrbitTest" name="testUpdate" time="0.062"/>
</testsuite> <!-- dao.DaoOrbitTest -->
