<?xml version="1.0" encoding="UTF-8"?>
<!-- Generated by org.testng.reporters.JUnitReportReporter -->
<testsuite hostname="Vladimirs-MacBook-Air.local" failures="0" tests="6" name="model.GalaxyTest" time="0.135" errors="0" timestamp="25 июл. 2019 06:44:50 GMT" skipped="0">
  <testcase classname="model.GalaxyTest" name="testPlanetOnTheOrbit" time="0.000"/>
  <testcase classname="model.GalaxyTest" name="testGetWay" time="0.000"/>
  <testcase classname="model.GalaxyTest" name="s" time="0.090"/>
  <testcase classname="model.GalaxyTest" name="testPlanetFlewAway" time="0.000"/>
  <testcase classname="model.GalaxyTest" name="testSave" time="0.044"/>
  <testcase classname="model.GalaxyTest" name="testToBumpInto" time="0.001"/>
</testsuite> <!-- model.GalaxyTest -->
